<?xml version="1.0" encoding="utf-8"?><testsuites name="pytest tests"><testsuite name="pytest" errors="0" failures="0" skipped="0" tests="0" time="0.588" timestamp="2025-08-31T04:51:13.192286+00:00" hostname="0f287779b13d" /></testsuites>