<?xml version="1.0" encoding="utf-8"?><testsuites name="pytest tests"><testsuite name="pytest" errors="0" failures="0" skipped="0" tests="0" time="1.724" timestamp="2025-08-31T04:51:11.081321+00:00" hostname="0f287779b13d" /></testsuites>